<DEBUG> <MainProcess(6604)> <11-May-20 13:36:26>     <running on python version: 3.7.0 (default, May  4 2020, 16:57:35) 
[GCC 6.3.0 20170516]>      <root-thingsGate.py-main-line 9>
<DEBUG> <MainProcess(6604)> <11-May-20 13:36:26>     <running on directory: /home/pi/Documents/2005_thingsGate/thingsGate>      <root-thingsGate.py-main-line 13>
<DEBUG> <MainProcess(6604)> <11-May-20 13:36:26>     <gate init -has begun>      <root-gate.py-gateInit-line 67>
<DEBUG> <MainProcess(6604)> <11-May-20 13:36:26>     <Params file is /home/pi/Documents/2005_thingsGate/thingsGate/data/thingsGate.json >      <root-gate.py-setParams-line 13>
<DEBUG> <MainProcess(6604)> <11-May-20 13:36:26>     <Gate Class Initialized>      <root-gate.py-__init__-line 10>
<DEBUG> <MainProcess(6604)> <11-May-20 13:36:26>     <gate init- has ended>      <root-gate.py-gateInit-line 71>
<DEBUG> <MainProcess(6644)> <11-May-20 13:36:48>     <running on python version: 3.7.0 (default, May  4 2020, 16:57:35) 
[GCC 6.3.0 20170516]>      <root-thingsGate.py-main-line 9>
<DEBUG> <MainProcess(6644)> <11-May-20 13:36:48>     <running on directory: /home/pi/Documents/2005_thingsGate/thingsGate>      <root-thingsGate.py-main-line 13>
<DEBUG> <MainProcess(6644)> <11-May-20 13:36:48>     <gate init -has begun>      <root-gate.py-gateInit-line 67>
<DEBUG> <MainProcess(6644)> <11-May-20 13:36:48>     <Params file is /home/pi/Documents/2005_thingsGate/thingsGate/data/thingsGate.json >      <root-gate.py-setParams-line 13>
<DEBUG> <MainProcess(6644)> <11-May-20 13:36:48>     <Gate Class Initialized>      <root-gate.py-__init__-line 10>
<DEBUG> <MainProcess(6644)> <11-May-20 13:36:48>     <gate init- has ended>      <root-gate.py-gateInit-line 71>
<DEBUG> <MainProcess(6681)> <11-May-20 13:37:38>     <running on python version: 3.7.0 (default, May  4 2020, 16:57:35) 
[GCC 6.3.0 20170516]>      <root-thingsGate.py-main-line 9>
<DEBUG> <MainProcess(6681)> <11-May-20 13:37:38>     <running on directory: /home/pi/Documents/2005_thingsGate/thingsGate>      <root-thingsGate.py-main-line 13>
<DEBUG> <MainProcess(6681)> <11-May-20 13:37:38>     <gate init -has begun>      <root-gate.py-gateInit-line 67>
<DEBUG> <MainProcess(6681)> <11-May-20 13:37:38>     <Params file is /home/pi/Documents/2005_thingsGate/thingsGate/data/thingsGate.json >      <root-gate.py-setParams-line 13>
<DEBUG> <MainProcess(6681)> <11-May-20 13:37:38>     <Gate Class Initialized>      <root-gate.py-__init__-line 10>
<DEBUG> <MainProcess(6681)> <11-May-20 13:37:38>     <gate init- has ended>      <root-gate.py-gateInit-line 71>
<DEBUG> <MainProcess(15041)> <11-May-20 21:21:08>     <running on python version: 3.7.0 (default, May  4 2020, 16:57:35) 
[GCC 6.3.0 20170516]>      <root-thingsGate.py-main-line 9>
<DEBUG> <MainProcess(15041)> <11-May-20 21:21:08>     <running on directory: /home/pi/Documents/2005_thingsGate/thingsGate>      <root-thingsGate.py-main-line 13>
<DEBUG> <MainProcess(15041)> <11-May-20 21:21:08>     <gate init -has begun>      <root-gate.py-gateInit-line 67>
<DEBUG> <MainProcess(15041)> <11-May-20 21:21:08>     <Params file is /home/pi/Documents/2005_thingsGate/thingsGate/data/thingsGate.json >      <root-gate.py-setParams-line 13>
<DEBUG> <MainProcess(15041)> <11-May-20 21:21:08>     <Gate Class Initialized>      <root-gate.py-__init__-line 10>
<DEBUG> <MainProcess(15041)> <11-May-20 21:21:08>     <gate init- has ended>      <root-gate.py-gateInit-line 71>
<DEBUG> <MainProcess(15246)> <11-May-20 21:25:07>     <running on python version: 3.7.0 (default, May  4 2020, 16:57:35) 
[GCC 6.3.0 20170516]>      <root-thingsGate.py-main-line 9>
<DEBUG> <MainProcess(15246)> <11-May-20 21:25:07>     <running on directory: /home/pi/Documents/2005_thingsGate/thingsGate>      <root-thingsGate.py-main-line 13>
<DEBUG> <MainProcess(15246)> <11-May-20 21:25:07>     <gate init -has begun>      <root-gate.py-gateInit-line 67>
<DEBUG> <MainProcess(15246)> <11-May-20 21:25:07>     <Params file is /home/pi/Documents/2005_thingsGate/thingsGate/data/thingsGate.json >      <root-gate.py-setParams-line 13>
<DEBUG> <MainProcess(15246)> <11-May-20 21:25:07>     <Is the gate registered: False>      <root-gate.py-setParams-line 19>
<DEBUG> <MainProcess(15246)> <11-May-20 21:25:07>     <Gate Class Initialized>      <root-gate.py-__init__-line 10>
<DEBUG> <MainProcess(15246)> <11-May-20 21:25:07>     <gate init- has ended>      <root-gate.py-gateInit-line 71>
<DEBUG> <ensure internet connection(15259)> <11-May-20 21:25:07>     <ensure Internet module - has begun >      <root-internet.py-ensureInternet-line 29>
<DEBUG> <ensure internet connection(15259)> <11-May-20 21:25:07>     <connected to internet>      <root-internet.py-ensureInternet-line 42>
<DEBUG> <ensure internet connection(15259)> <11-May-20 21:25:08>     <connected to internet>      <root-internet.py-ensureInternet-line 42>
<DEBUG> <ensure internet connection(15259)> <11-May-20 21:25:08>     <connected to internet>      <root-internet.py-ensureInternet-line 42>
<DEBUG> <MainProcess(15246)> <11-May-20 21:25:09>     <Stop Signal module Internet sent>      <root-thingsGate.py-main-line 48>
<DEBUG> <ensure internet connection(15259)> <11-May-20 21:25:09>     <ensure Internet module - has ended >      <root-internet.py-ensureInternet-line 48>
<DEBUG> <MainProcess(22279)> <14-May-20 18:16:49>     <running on python version: 3.7.0 (default, May  4 2020, 16:57:35) 
[GCC 6.3.0 20170516]>      <root-thingsGate.py-main-line 9>
<DEBUG> <MainProcess(22279)> <14-May-20 18:16:49>     <running on directory: /home/pi/Documents/2005_thingsGate/thingsGate>      <root-thingsGate.py-main-line 13>
<DEBUG> <MainProcess(22279)> <14-May-20 18:16:49>     <gate init -has begun>      <root-gate.py-gateInit-line 67>
<DEBUG> <MainProcess(22279)> <14-May-20 18:16:49>     <Params file is /home/pi/Documents/2005_thingsGate/thingsGate/data/thingsGate.json >      <root-gate.py-setParams-line 13>
<DEBUG> <MainProcess(22279)> <14-May-20 18:16:49>     <Is the gate registered: False>      <root-gate.py-setParams-line 19>
<DEBUG> <MainProcess(22279)> <14-May-20 18:16:49>     <Gate Class Initialized>      <root-gate.py-__init__-line 10>
<DEBUG> <MainProcess(22279)> <14-May-20 18:16:49>     <gate init- has ended>      <root-gate.py-gateInit-line 71>
<DEBUG> <ensure internet connection(22293)> <14-May-20 18:16:49>     <ensure Internet module - has begun >      <root-internet.py-ensureInternet-line 29>
<DEBUG> <ensure internet connection(22293)> <14-May-20 18:16:49>     <connected to internet>      <root-internet.py-ensureInternet-line 42>
<DEBUG> <ensure internet connection(22293)> <14-May-20 18:16:49>     <connected to internet>      <root-internet.py-ensureInternet-line 42>
<DEBUG> <ensure internet connection(22293)> <14-May-20 18:16:50>     <connected to internet>      <root-internet.py-ensureInternet-line 42>
<DEBUG> <MainProcess(22279)> <14-May-20 18:16:51>     <Stop Signal module Internet sent>      <root-thingsGate.py-main-line 48>
<DEBUG> <ensure internet connection(22293)> <14-May-20 18:16:51>     <ensure Internet module - has ended >      <root-internet.py-ensureInternet-line 48>
<DEBUG> <MainProcess(3200)> <16-May-20 16:31:39>     <running on python version: 3.5.3 (default, Sep 27 2018, 17:25:39) 
[GCC 6.3.0 20170516]>      <root-thingsGate.py-main-line 10>
<DEBUG> <MainProcess(3200)> <16-May-20 16:31:39>     <running on directory: /home/pi/Documents/2005_thingsGate/thingsGate>      <root-thingsGate.py-main-line 14>
<DEBUG> <MainProcess(3341)> <16-May-20 16:33:42>     <running on python version: 3.5.3 (default, Sep 27 2018, 17:25:39) 
[GCC 6.3.0 20170516]>      <root-thingsGate.py-main-line 10>
<DEBUG> <MainProcess(3341)> <16-May-20 16:33:42>     <running on directory: /home/pi/Documents/2005_thingsGate/thingsGate>      <root-thingsGate.py-main-line 14>
<DEBUG> <MainProcess(3341)> <16-May-20 16:33:42>     <setting hostname to: thingsGate00>      <root-rpiSetup.py-setHostname-line 9>
<DEBUG> <MainProcess(3540)> <16-May-20 16:39:23>     <running on python version: 3.5.3 (default, Sep 27 2018, 17:25:39) 
[GCC 6.3.0 20170516]>      <root-thingsGate.py-main-line 10>
<DEBUG> <MainProcess(3540)> <16-May-20 16:39:23>     <running on directory: /home/pi/Documents/2005_thingsGate/thingsGate>      <root-thingsGate.py-main-line 14>
<DEBUG> <MainProcess(3540)> <16-May-20 16:39:23>     <setting hostname to: thingsGate00>      <root-rpiSetup.py-setHostname-line 9>
<DEBUG> <MainProcess(23212)> <01-Aug-20 01:11:04>     <running on python version: 3.5.3 (default, Sep 27 2018, 17:25:39) 
[GCC 6.3.0 20170516]>      <root-thingsGate.py-main-line 10>
<DEBUG> <MainProcess(23212)> <01-Aug-20 01:11:04>     <running on directory: /home/pi/Documents/2005_thingsGate/thingsGate>      <root-thingsGate.py-main-line 14>
<DEBUG> <MainProcess(23241)> <01-Aug-20 01:11:29>     <running on python version: 3.5.3 (default, Sep 27 2018, 17:25:39) 
[GCC 6.3.0 20170516]>      <root-thingsGate.py-main-line 10>
<DEBUG> <MainProcess(23241)> <01-Aug-20 01:11:29>     <running on directory: /home/pi/Documents/2005_thingsGate/thingsGate>      <root-thingsGate.py-main-line 14>
<DEBUG> <MainProcess(23241)> <01-Aug-20 01:11:29>     <setting hostname to: thingsGate00>      <root-rpiSetup.py-setHostname-line 9>
<DEBUG> <MainProcess(23283)> <01-Aug-20 01:11:47>     <running on python version: 3.5.3 (default, Sep 27 2018, 17:25:39) 
[GCC 6.3.0 20170516]>      <root-thingsGate.py-main-line 10>
<DEBUG> <MainProcess(23283)> <01-Aug-20 01:11:47>     <running on directory: /home/pi/Documents/2005_thingsGate/thingsGate>      <root-thingsGate.py-main-line 14>
<DEBUG> <MainProcess(23283)> <01-Aug-20 01:11:47>     <setting hostname to: thingsGate00>      <root-rpiSetup.py-setHostname-line 9>
<DEBUG> <MainProcess(23527)> <01-Aug-20 01:13:24>     <running on python version: 3.5.3 (default, Sep 27 2018, 17:25:39) 
[GCC 6.3.0 20170516]>      <root-thingsGate.py-main-line 10>
<DEBUG> <MainProcess(23527)> <01-Aug-20 01:13:24>     <running on directory: /home/pi/Documents/2005_thingsGate/thingsGate>      <root-thingsGate.py-main-line 14>
<DEBUG> <MainProcess(23527)> <01-Aug-20 01:13:24>     <setting hostname to: thingsGate02>      <root-rpiSetup.py-setHostname-line 9>
<DEBUG> <MainProcess(24006)> <28-Aug-20 12:30:06>     <running on python version: 3.8.5 (default, Aug 26 2020, 18:32:37) 
[GCC 6.3.0 20170516]>      <root-thingsGate.py-main-line 10>
<DEBUG> <MainProcess(24006)> <28-Aug-20 12:30:06>     <running on directory: /home/pi/Documents/2005_thingsGate/thingsGate>      <root-thingsGate.py-main-line 14>
<DEBUG> <MainProcess(24301)> <28-Aug-20 12:33:26>     <running on python version: 3.8.5 (default, Aug 26 2020, 18:32:37) 
[GCC 6.3.0 20170516]>      <root-thingsGate.py-main-line 10>
<DEBUG> <MainProcess(24301)> <28-Aug-20 12:33:26>     <running on directory: /home/pi/Documents/2005_thingsGate/thingsGate>      <root-thingsGate.py-main-line 14>
<DEBUG> <MainProcess(25162)> <28-Aug-20 12:43:35>     <running on python version: 3.8.5 (default, Aug 26 2020, 18:32:37) 
[GCC 6.3.0 20170516]>      <root-thingsGate.py-main-line 10>
<DEBUG> <MainProcess(25162)> <28-Aug-20 12:43:35>     <running on directory: /home/pi/Documents/2005_thingsGate/thingsGate>      <root-thingsGate.py-main-line 14>
<DEBUG> <MainProcess(25162)> <28-Aug-20 12:43:35>     <PYTHONPATH: None>      <root-thingsGate.py-main-line 18>
<DEBUG> <MainProcess(25410)> <28-Aug-20 12:46:06>     <running on python version: 3.8.5 (default, Aug 26 2020, 18:32:37) 
[GCC 6.3.0 20170516]>      <root-thingsGate.py-main-line 10>
<DEBUG> <MainProcess(25410)> <28-Aug-20 12:46:06>     <running on directory: /home/pi/Documents/2005_thingsGate/thingsGate>      <root-thingsGate.py-main-line 14>
<DEBUG> <MainProcess(25410)> <28-Aug-20 12:46:06>     <PYTHONPATH: /home/pi/Documents/2005_thingsGate/thingsGate>      <root-thingsGate.py-main-line 20>
<DEBUG> <MainProcess(25464)> <28-Aug-20 12:46:47>     <running on python version: 3.8.5 (default, Aug 26 2020, 18:32:37) 
[GCC 6.3.0 20170516]>      <root-thingsGate.py-main-line 10>
<DEBUG> <MainProcess(25464)> <28-Aug-20 12:46:47>     <running on directory: /home/pi/Documents/2005_thingsGate/thingsGate>      <root-thingsGate.py-main-line 14>
<DEBUG> <MainProcess(25464)> <28-Aug-20 12:46:47>     <PYTHONPATH: /home/pi/Documents/2005_thingsGate/thingsGate>      <root-thingsGate.py-main-line 20>
<DEBUG> <MainProcess(5966)> <28-Aug-20 15:36:31>     <running on python version: 3.8.5 (default, Aug 26 2020, 18:32:37) 
[GCC 6.3.0 20170516]>      <root-thingsGate.py-main-line 23>
<DEBUG> <MainProcess(5966)> <28-Aug-20 15:36:31>     <running on directory: /home/pi/Documents/2005_thingsGate/thingsGate>      <root-thingsGate.py-main-line 27>
<DEBUG> <MainProcess(5966)> <28-Aug-20 15:36:31>     <PYTHONPATH: /home/pi/Documents/2005_thingsGate/thingsGate>      <root-thingsGate.py-main-line 33>
<DEBUG> <MainProcess(5966)> <28-Aug-20 15:36:31>     <starting manager thread>      <root-thingsGate.py-managerThread-line 20>
<DEBUG> <MainProcess(6906)> <28-Aug-20 15:48:27>     <running on python version: 3.8.5 (default, Aug 26 2020, 18:32:37) 
[GCC 6.3.0 20170516]>      <root-thingsGate.py-main-line 39>
<DEBUG> <MainProcess(6906)> <28-Aug-20 15:48:27>     <running on directory: /home/pi/Documents/2005_thingsGate/thingsGate>      <root-thingsGate.py-main-line 43>
<DEBUG> <MainProcess(6906)> <28-Aug-20 15:48:27>     <PYTHONPATH: /home/pi/Documents/2005_thingsGate/thingsGate>      <root-thingsGate.py-main-line 49>
<DEBUG> <MainProcess(6906)> <28-Aug-20 15:48:27>     <starting manager thread>      <root-thingsGate.py-managerThread-line 23>
<DEBUG> <MainProcess(6906)> <28-Aug-20 15:48:27>     <thingsGate managerThread failed to start>      <root-thingsGate.py-main-line 66>
<DEBUG> <MainProcess(7005)> <28-Aug-20 15:50:02>     <running on python version: 3.8.5 (default, Aug 26 2020, 18:32:37) 
[GCC 6.3.0 20170516]>      <root-thingsGate.py-main-line 41>
<DEBUG> <MainProcess(7005)> <28-Aug-20 15:50:02>     <running on directory: /home/pi/Documents/2005_thingsGate/thingsGate>      <root-thingsGate.py-main-line 45>
<DEBUG> <MainProcess(7005)> <28-Aug-20 15:50:02>     <PYTHONPATH: /home/pi/Documents/2005_thingsGate/thingsGate>      <root-thingsGate.py-main-line 51>
<DEBUG> <MainProcess(7005)> <28-Aug-20 15:50:02>     <starting manager thread>      <root-thingsGate.py-managerThread-line 23>
<DEBUG> <MainProcess(7005)> <28-Aug-20 15:50:02>     <thingsGate managerThread failed to start>      <root-thingsGate.py-main-line 68>
<DEBUG> <MainProcess(7248)> <28-Aug-20 15:51:53>     <running on python version: 3.8.5 (default, Aug 26 2020, 18:32:37) 
[GCC 6.3.0 20170516]>      <root-thingsGate.py-main-line 41>
<DEBUG> <MainProcess(7248)> <28-Aug-20 15:51:53>     <running on directory: /home/pi/Documents/2005_thingsGate/thingsGate>      <root-thingsGate.py-main-line 45>
<DEBUG> <MainProcess(7248)> <28-Aug-20 15:51:53>     <PYTHONPATH: /home/pi/Documents/2005_thingsGate/thingsGate>      <root-thingsGate.py-main-line 51>
<DEBUG> <MainProcess(7248)> <28-Aug-20 15:51:53>     <starting manager thread>      <root-thingsGate.py-managerThread-line 23>
<DEBUG> <MainProcess(7248)> <28-Aug-20 15:51:53>     <thingsGate managerThread failed to start with exception name 'greenTempProcesses' is not defined>      <root-thingsGate.py-main-line 68>
<DEBUG> <MainProcess(7485)> <28-Aug-20 15:53:37>     <running on python version: 3.8.5 (default, Aug 26 2020, 18:32:37) 
[GCC 6.3.0 20170516]>      <root-thingsGate.py-main-line 51>
<DEBUG> <MainProcess(7485)> <28-Aug-20 15:53:37>     <running on directory: /home/pi/Documents/2005_thingsGate/thingsGate>      <root-thingsGate.py-main-line 55>
<DEBUG> <MainProcess(7485)> <28-Aug-20 15:53:37>     <PYTHONPATH: /home/pi/Documents/2005_thingsGate/thingsGate>      <root-thingsGate.py-main-line 61>
<DEBUG> <MainProcess(7485)> <28-Aug-20 15:53:37>     <starting manager thread>      <root-thingsGate.py-managerThread-line 33>
<DEBUG> <MainProcess(7485)> <28-Aug-20 15:53:37>     <starting python process bluetooth.devicesManager>      <root-thingsGate.py-startManagedProcess-line 23>
<DEBUG> <MainProcess(7485)> <28-Aug-20 15:53:37>     <thingsGate managerThread failed to start with exception name 'running' is not defined>      <root-thingsGate.py-main-line 71>
<DEBUG> <MainProcess(7562)> <28-Aug-20 15:54:19>     <running on python version: 3.8.5 (default, Aug 26 2020, 18:32:37) 
[GCC 6.3.0 20170516]>      <root-thingsGate.py-main-line 53>
<DEBUG> <MainProcess(7562)> <28-Aug-20 15:54:19>     <running on directory: /home/pi/Documents/2005_thingsGate/thingsGate>      <root-thingsGate.py-main-line 57>
<DEBUG> <MainProcess(7562)> <28-Aug-20 15:54:19>     <PYTHONPATH: /home/pi/Documents/2005_thingsGate/thingsGate>      <root-thingsGate.py-main-line 63>
<DEBUG> <MainProcess(7562)> <28-Aug-20 15:54:19>     <starting manager thread>      <root-thingsGate.py-managerThread-line 35>
<DEBUG> <MainProcess(7562)> <28-Aug-20 15:54:19>     <starting python process bluetooth.devicesManager>      <root-thingsGate.py-startManagedProcess-line 25>
<DEBUG> <MainProcess(7841)> <28-Aug-20 15:57:00>     <running on python version: 3.8.5 (default, Aug 26 2020, 18:32:37) 
[GCC 6.3.0 20170516]>      <root-thingsGate.py-main-line 53>
<DEBUG> <MainProcess(7841)> <28-Aug-20 15:57:00>     <running on directory: /home/pi/Documents/2005_thingsGate/thingsGate>      <root-thingsGate.py-main-line 57>
<DEBUG> <MainProcess(7841)> <28-Aug-20 15:57:00>     <PYTHONPATH: /home/pi/Documents/2005_thingsGate/thingsGate>      <root-thingsGate.py-main-line 63>
<DEBUG> <MainProcess(7841)> <28-Aug-20 15:57:00>     <starting manager thread>      <root-thingsGate.py-managerThread-line 35>
<DEBUG> <MainProcess(7841)> <28-Aug-20 15:57:00>     <starting python process bluetooth.devicesManager>      <root-thingsGate.py-startManagedProcess-line 25>
